2023-08-02 12:24:43 Loading main app package /usr/lib/obsidian/obsidian.asar
2023-08-02 12:24:45 Checking for update using Github
2023-08-02 12:24:45 Success.
2023-08-02 12:24:45 Latest version is 1.3.7
2023-08-02 12:24:45 App is up to date.
2023-08-02 13:50:34 Loading main app package /usr/lib/obsidian/obsidian.asar
2023-08-02 13:50:36 Checking for update using Github
2023-08-02 13:50:36 Success.
2023-08-02 13:50:36 Latest version is 1.3.7
2023-08-02 13:50:36 App is up to date.
2023-10-16 19:39:52 Loading main app package /usr/lib/obsidian/obsidian.asar
2023-10-16 19:39:52 Checking for update using Github
2023-10-16 19:39:52 Success.
2023-10-16 19:39:52 Latest version is 1.4.16
2023-10-16 19:39:52 App is up to date.
2023-10-21 17:15:49 Loading main app package /usr/lib/obsidian/obsidian.asar
2023-10-21 17:15:49 Checking for update using Github
2023-10-21 17:15:50 Success.
2023-10-21 17:15:50 Latest version is 1.4.16
2023-10-21 17:15:50 App is up to date.
2023-10-21 17:19:48 Loading main app package /usr/lib/obsidian/obsidian.asar
2023-10-21 17:19:48 Checking for update using Github
2023-10-21 17:19:48 Success.
2023-10-21 17:19:48 Latest version is 1.4.16
2023-10-21 17:19:48 App is up to date.
2023-10-21 17:31:46 Loading main app package /usr/lib/obsidian/obsidian.asar
2023-10-21 17:31:46 Checking for update using Github
2023-10-21 17:31:46 Success.
2023-10-21 17:31:46 Latest version is 1.4.16
2023-10-21 17:31:46 App is up to date.
2023-10-21 17:33:41 Loading main app package /usr/lib/obsidian/obsidian.asar
2023-10-21 17:33:41 Checking for update using Github
2023-10-21 17:35:07 Loading main app package /usr/lib/obsidian/obsidian.asar
2023-10-21 17:35:08 Checking for update using Github
2023-10-21 17:35:08 Success.
2023-10-21 17:35:08 Latest version is 1.4.16
2023-10-21 17:35:08 App is up to date.
2023-10-21 17:35:55 Loading main app package /usr/lib/obsidian/obsidian.asar
2023-10-21 17:35:55 Checking for update using Github
2023-10-21 17:35:55 Success.
2023-10-21 17:35:55 Latest version is 1.4.16
2023-10-21 17:35:55 App is up to date.
